  beb.cpp
beb.cpp(208): warning C4996: 'strcpy': This function or variable may be unsafe. Consider using strcpy_s instead. To disable deprecation, use _CRT_SECURE_NO_WARNINGS. See online help for details.
  C:\Program Files (x86)\Windows Kits\10\Include\10.0.16299.0\ucrt\string.h(132): note: voir la déclaration de 'strcpy'
beb.cpp(210): warning C4996: 'fopen': This function or variable may be unsafe. Consider using fopen_s instead. To disable deprecation, use _CRT_SECURE_NO_WARNINGS. See online help for details.
  C:\Program Files (x86)\Windows Kits\10\Include\10.0.16299.0\ucrt\stdio.h(207): note: voir la déclaration de 'fopen'
beb.cpp(218): warning C4996: 'sscanf': This function or variable may be unsafe. Consider using sscanf_s instead. To disable deprecation, use _CRT_SECURE_NO_WARNINGS. See online help for details.
  C:\Program Files (x86)\Windows Kits\10\Include\10.0.16299.0\ucrt\stdio.h(2261): note: voir la déclaration de 'sscanf'
beb.cpp(299): warning C4996: 'fopen': This function or variable may be unsafe. Consider using fopen_s instead. To disable deprecation, use _CRT_SECURE_NO_WARNINGS. See online help for details.
  C:\Program Files (x86)\Windows Kits\10\Include\10.0.16299.0\ucrt\stdio.h(207): note: voir la déclaration de 'fopen'
beb.cpp(309): warning C4996: 'sscanf': This function or variable may be unsafe. Consider using sscanf_s instead. To disable deprecation, use _CRT_SECURE_NO_WARNINGS. See online help for details.
  C:\Program Files (x86)\Windows Kits\10\Include\10.0.16299.0\ucrt\stdio.h(2261): note: voir la déclaration de 'sscanf'
beb.cpp(581): warning C4996: 'getch': The POSIX name for this item is deprecated. Instead, use the ISO C and C++ conformant name: _getch. See online help for details.
  C:\Program Files (x86)\Windows Kits\10\Include\10.0.16299.0\ucrt\conio.h(452): note: voir la déclaration de 'getch'
beb.cpp(817): warning C4996: 'ctime': This function or variable may be unsafe. Consider using ctime_s instead. To disable deprecation, use _CRT_SECURE_NO_WARNINGS. See online help for details.
  C:\Program Files (x86)\Windows Kits\10\Include\10.0.16299.0\ucrt\time.h(475): note: voir la déclaration de 'ctime'
beb.cpp(811): warning C4101: 'FFF' : variable locale non référencée
  bounds.cpp
bounds.cpp(1277): warning C4996: 'fopen': This function or variable may be unsafe. Consider using fopen_s instead. To disable deprecation, use _CRT_SECURE_NO_WARNINGS. See online help for details.
  C:\Program Files (x86)\Windows Kits\10\Include\10.0.16299.0\ucrt\stdio.h(207): note: voir la déclaration de 'fopen'
bounds.cpp(1341): warning C4996: 'fopen': This function or variable may be unsafe. Consider using fopen_s instead. To disable deprecation, use _CRT_SECURE_NO_WARNINGS. See online help for details.
  C:\Program Files (x86)\Windows Kits\10\Include\10.0.16299.0\ucrt\stdio.h(207): note: voir la déclaration de 'fopen'
bounds.cpp(1357): warning C4996: 'fscanf': This function or variable may be unsafe. Consider using fscanf_s instead. To disable deprecation, use _CRT_SECURE_NO_WARNINGS. See online help for details.
  C:\Program Files (x86)\Windows Kits\10\Include\10.0.16299.0\ucrt\stdio.h(1195): note: voir la déclaration de 'fscanf'
bounds.cpp(1363): warning C4996: 'fscanf': This function or variable may be unsafe. Consider using fscanf_s instead. To disable deprecation, use _CRT_SECURE_NO_WARNINGS. See online help for details.
  C:\Program Files (x86)\Windows Kits\10\Include\10.0.16299.0\ucrt\stdio.h(1195): note: voir la déclaration de 'fscanf'
bounds.cpp(1364): warning C4996: 'sscanf': This function or variable may be unsafe. Consider using sscanf_s instead. To disable deprecation, use _CRT_SECURE_NO_WARNINGS. See online help for details.
  C:\Program Files (x86)\Windows Kits\10\Include\10.0.16299.0\ucrt\stdio.h(2261): note: voir la déclaration de 'sscanf'
bounds.cpp(2034): warning C4996: 'fopen': This function or variable may be unsafe. Consider using fopen_s instead. To disable deprecation, use _CRT_SECURE_NO_WARNINGS. See online help for details.
  C:\Program Files (x86)\Windows Kits\10\Include\10.0.16299.0\ucrt\stdio.h(207): note: voir la déclaration de 'fopen'
bounds.cpp(2038): warning C4996: 'fscanf': This function or variable may be unsafe. Consider using fscanf_s instead. To disable deprecation, use _CRT_SECURE_NO_WARNINGS. See online help for details.
  C:\Program Files (x86)\Windows Kits\10\Include\10.0.16299.0\ucrt\stdio.h(1195): note: voir la déclaration de 'fscanf'
bounds.cpp(2051): warning C4996: 'fscanf': This function or variable may be unsafe. Consider using fscanf_s instead. To disable deprecation, use _CRT_SECURE_NO_WARNINGS. See online help for details.
  C:\Program Files (x86)\Windows Kits\10\Include\10.0.16299.0\ucrt\stdio.h(1195): note: voir la déclaration de 'fscanf'
  Branch.cpp
Branch.cpp(486): warning C4101: 'B' : variable locale non référencée
Branch.cpp(484): warning C4101: 'k' : variable locale non référencée
Branch.cpp(486): warning C4101: 'E' : variable locale non référencée
Branch.cpp(485): warning C4101: 'C2New' : variable locale non référencée
Branch.cpp(486): warning C4101: 'S' : variable locale non référencée
Branch.cpp(486): warning C4101: 'D' : variable locale non référencée
Branch.cpp(484): warning C4101: 'j' : variable locale non référencée
Branch.cpp(486): warning C4101: 'A' : variable locale non référencée
Branch.cpp(485): warning C4101: 'CSUMNew' : variable locale non référencée
Branch.cpp(484): warning C4101: 'jp' : variable locale non référencée
Branch.cpp(486): warning C4101: 'C' : variable locale non référencée
  database.cpp
C:\Program Files (x86)\Windows Kits\10\Include\10.0.16299.0\um\wingdi.h(118): warning C4005: 'ERROR' : redéfinition de macro
  c:\onedrive vincent tkindt\onedrive - univ-tours.fr\recherche\programmes\f2csum\exacts\code thèse lei shang\branch and memorize\exact\psemarco\beb.h(18): note: voir la définition précédente de 'ERROR'
database.cpp(12): warning C4091: 'extern ' : ignoré à gauche de 'J' quand aucune variable n'est déclarée
database.cpp(248): warning C4244: '=' : conversion de 'double' en '__int64', perte possible de données
database.cpp(225): warning C4477: 'printf' : la chaîne de format '%d' nécessite un argument de type 'int', mais l'argument variadique 2 est de type '__int64'
  database.cpp(225): note: utilisez '%lld' dans la chaîne de format
  database.cpp(225): note: utilisez '%I64d' dans la chaîne de format
database.cpp(225): warning C4477: 'printf' : la chaîne de format '%d' nécessite un argument de type 'int', mais l'argument variadique 3 est de type '__int64'
  database.cpp(225): note: utilisez '%lld' dans la chaîne de format
  database.cpp(225): note: utilisez '%I64d' dans la chaîne de format
database.cpp(225): warning C4477: 'printf' : la chaîne de format '%d' nécessite un argument de type 'int', mais l'argument variadique 4 est de type '__int64'
  database.cpp(225): note: utilisez '%lld' dans la chaîne de format
  database.cpp(225): note: utilisez '%I64d' dans la chaîne de format
database.cpp(225): warning C4477: 'printf' : la chaîne de format '%d' nécessite un argument de type 'int', mais l'argument variadique 5 est de type '__int64'
  database.cpp(225): note: utilisez '%lld' dans la chaîne de format
  database.cpp(225): note: utilisez '%I64d' dans la chaîne de format
database.cpp(243): warning C4477: 'printf' : la chaîne de format '%d' nécessite un argument de type 'int', mais l'argument variadique 2 est de type '__int64'
  database.cpp(243): note: utilisez '%lld' dans la chaîne de format
  database.cpp(243): note: utilisez '%I64d' dans la chaîne de format
database.cpp(243): warning C4477: 'printf' : la chaîne de format '%d' nécessite un argument de type 'int', mais l'argument variadique 3 est de type '__int64'
  database.cpp(243): note: utilisez '%lld' dans la chaîne de format
  database.cpp(243): note: utilisez '%I64d' dans la chaîne de format
database.cpp(243): warning C4477: 'printf' : la chaîne de format '%d' nécessite un argument de type 'int', mais l'argument variadique 4 est de type '__int64'
  database.cpp(243): note: utilisez '%lld' dans la chaîne de format
  database.cpp(243): note: utilisez '%I64d' dans la chaîne de format
database.cpp(243): warning C4477: 'printf' : la chaîne de format '%d' nécessite un argument de type 'int', mais l'argument variadique 5 est de type '__int64'
  database.cpp(243): note: utilisez '%lld' dans la chaîne de format
  database.cpp(243): note: utilisez '%I64d' dans la chaîne de format
database.cpp(481): warning C4101: 'l_index' : variable locale non référencée
database.cpp(651): warning C4018: '<' : incompatibilité signed/unsigned
database.cpp(655): warning C4018: '<' : incompatibilité signed/unsigned
database.cpp(646): warning C4101: 'i' : variable locale non référencée
  main.cpp
C:\Program Files (x86)\Windows Kits\10\Include\10.0.16299.0\um\wingdi.h(118): warning C4005: 'ERROR' : redéfinition de macro
  c:\onedrive vincent tkindt\onedrive - univ-tours.fr\recherche\programmes\f2csum\exacts\code thèse lei shang\branch and memorize\exact\psemarco\beb.h(18): note: voir la définition précédente de 'ERROR'
main.cpp(52): warning C4474: 'printf' : trop d'arguments passés pour la chaîne de format
  main.cpp(52): note: les espaces réservés et leurs paramètres attendent des arguments 5 variadiques, mais des arguments 7 ont été fournis
main.cpp(71): warning C4996: 'fopen': This function or variable may be unsafe. Consider using fopen_s instead. To disable deprecation, use _CRT_SECURE_NO_WARNINGS. See online help for details.
  C:\Program Files (x86)\Windows Kits\10\Include\10.0.16299.0\ucrt\stdio.h(207): note: voir la déclaration de 'fopen'
main.cpp(93): warning C4477: 'printf' : la chaîne de format '%lld' nécessite un argument de type '__int64', mais l'argument variadique 1 est de type 'int'
  main.cpp(93): note: utilisez '%d' dans la chaîne de format
  main.cpp(93): note: utilisez '%Id' dans la chaîne de format
  main.cpp(93): note: utilisez '%I32d' dans la chaîne de format
c:\onedrive vincent tkindt\onedrive - univ-tours.fr\recherche\programmes\f2csum\exacts\code thèse lei shang\branch and memorize\exact\psemarco\Stat.h(16): warning C4244: '=' : conversion de '__int64' en 'double', perte possible de données
  c:\onedrive vincent tkindt\onedrive - univ-tours.fr\recherche\programmes\f2csum\exacts\code thèse lei shang\branch and memorize\exact\psemarco\Stat.h(16): note: pendant la compilation de la fonction membre '<Inconnu>' (classe <Inconnu>)
  main.cpp(55): note: voir la référence à l'instanciation de la fonction modèle 'Stat<__int64>::Stat(void)' en cours de compilation
  main.cpp(55): note: voir la référence à l'instanciation de classe modèle 'Stat<__int64>' en cours de compilation
c:\onedrive vincent tkindt\onedrive - univ-tours.fr\recherche\programmes\f2csum\exacts\code thèse lei shang\branch and memorize\exact\psemarco\Stat.h(69): warning C4477: 'fprintf' : la chaîne de format '%d' nécessite un argument de type 'int', mais l'argument variadique 1 est de type 'double'
  c:\onedrive vincent tkindt\onedrive - univ-tours.fr\recherche\programmes\f2csum\exacts\code thèse lei shang\branch and memorize\exact\psemarco\Stat.h(55): note: pendant la compilation de la fonction membre '<Inconnu>' (classe <Inconnu>)
  c:\onedrive vincent tkindt\onedrive - univ-tours.fr\recherche\programmes\f2csum\exacts\code thèse lei shang\branch and memorize\exact\psemarco\Stat.h(78): note: voir la référence à l'instanciation de la fonction modèle 'double Stat<__int64>::getCpuTime(void)' en cours de compilation
  utils.cpp
  Génération de code en cours...
c:\onedrive vincent tkindt\onedrive - univ-tours.fr\recherche\programmes\f2csum\exacts\code thèse lei shang\branch and memorize\exact\psemarco\branch.cpp(384): warning C4700: variable locale 'index2' non initialisée utilisée
  js.vcxproj -> C:\OneDrive Vincent Tkindt\OneDrive - univ-tours.fr\Recherche\Programmes\F2Csum\Exacts\Code thèse Lei Shang\Branch and Memorize\Exact\PseMarco\.\Release\js.exe
